<?xml version="1.0" encoding="UTF-8"?>
<!-- Generated by org.testng.reporters.JUnitReportReporter -->
<testsuite skipped="0" hostname="hp" name="api.test.StoreAPITest" tests="2" failures="0" timestamp="2025-05-11T19:37:34 IST" time="11.451" errors="0">
  <testcase name="placePetOrder" time="9.972" classname="api.test.StoreAPITest"/>
  <system-out/>
  <testcase name="getInventoryDetails" time="1.479" classname="api.test.StoreAPITest"/>
  <system-out/>
</testsuite> <!-- api.test.StoreAPITest -->
