<?xml version="1.0" encoding="UTF-8"?>
<!-- Generated by org.testng.reporters.JUnitReportReporter -->
<testsuite skipped="0" hostname="hp" name="api.test.UserTest" tests="4" failures="0" timestamp="2025-01-04T12:44:55 IST" time="10.938" errors="0">
  <testcase name="testPostUser" time="6.564" classname="api.test.UserTest"/>
  <system-out/>
  <testcase name="testGetUser" time="1.516" classname="api.test.UserTest"/>
  <system-out/>
  <testcase name="testUpdateUser" time="1.369" classname="api.test.UserTest"/>
  <system-out/>
  <testcase name="testDeleteUser" time="1.489" classname="api.test.UserTest"/>
  <system-out/>
</testsuite> <!-- api.test.UserTest -->
