<?xml version="1.0" encoding="UTF-8"?>
<!-- Generated by org.testng.reporters.JUnitReportReporter -->
<testsuite skipped="0" hostname="hp" name="api.test.StoreAPITest" tests="4" failures="0" timestamp="2025-05-12T22:54:04 IST" time="14.409" errors="0">
  <testcase name="placePetOrder" time="9.690" classname="api.test.StoreAPITest"/>
  <system-out/>
  <testcase name="getInventoryDetails" time="1.592" classname="api.test.StoreAPITest"/>
  <system-out/>
  <testcase name="purchaseOrderById" time="1.513" classname="api.test.StoreAPITest"/>
  <system-out/>
  <testcase name="deletePurchaseOrderById" time="1.614" classname="api.test.StoreAPITest"/>
  <system-out/>
</testsuite> <!-- api.test.StoreAPITest -->
