<?xml version="1.0" encoding="UTF-8"?>
<!-- Generated by org.testng.reporters.JUnitReportReporter -->
<testsuite skipped="0" hostname="hp" name="api.test.UserTestDataDriven" tests="3" failures="0" timestamp="2023-10-16T22:39:15 IST" time="10.113" errors="0">
  <testcase name="testPostUser" time="2.020" classname="api.test.UserTestDataDriven"/>
  <system-out/>
  <testcase name="testPostUser" time="6.204" classname="api.test.UserTestDataDriven"/>
  <system-out/>
  <testcase name="testPostUser" time="1.889" classname="api.test.UserTestDataDriven"/>
  <system-out/>
</testsuite> <!-- api.test.UserTestDataDriven -->
