<?xml version="1.0" encoding="UTF-8"?>
<!-- Generated by org.testng.reporters.JUnitReportReporter -->
<testsuite skipped="0" hostname="hp" name="api.test.PetAPITest" tests="7" failures="0" timestamp="2025-05-10T12:12:42 IST" time="25.306" errors="0">
  <testcase name="addPet" time="10.975" classname="api.test.PetAPITest"/>
  <system-out/>
  <testcase name="uploadPetImage" time="6.771" classname="api.test.PetAPITest"/>
  <system-out/>
  <testcase name="getPetDetails" time="1.482" classname="api.test.PetAPITest"/>
  <system-out/>
  <testcase name="updatePetDetails" time="1.398" classname="api.test.PetAPITest"/>
  <system-out/>
  <testcase name="getPetDetailsByStatus" time="1.728" classname="api.test.PetAPITest"/>
  <system-out/>
  <testcase name="updatePetDetailsByPetId" time="1.456" classname="api.test.PetAPITest"/>
  <system-out/>
  <testcase name="deletePetDetail" time="1.496" classname="api.test.PetAPITest"/>
  <system-out/>
</testsuite> <!-- api.test.PetAPITest -->
