<?xml version="1.0" encoding="UTF-8"?>
<!-- Generated by org.testng.reporters.JUnitReportReporter -->
<testsuite skipped="0" hostname="hp" name="api.test.PetAPITest" tests="1" failures="0" timestamp="2025-04-26T23:48:35 IST" time="9.676" errors="0">
  <testcase name="addPet" time="9.676" classname="api.test.PetAPITest"/>
  <system-out/>
</testsuite> <!-- api.test.PetAPITest -->
