<?xml version="1.0" encoding="UTF-8"?>
<!-- Generated by org.testng.reporters.JUnitReportReporter -->
<testsuite skipped="0" hostname="hp" name="api.test.UserTest" tests="1" failures="0" timestamp="2025-05-25T11:57:53 IST" time="7.964" errors="0">
  <testcase name="doUserLogout" time="7.964" classname="api.test.UserTest"/>
  <system-out/>
</testsuite> <!-- api.test.UserTest -->
