<?xml version="1.0" encoding="UTF-8"?>
<!-- Generated by org.testng.reporters.JUnitReportReporter -->
<testsuite skipped="0" hostname="hp" name="api.test.PetAPITest" tests="3" failures="0" timestamp="2025-04-28T23:00:56 IST" time="26.050" errors="0">
  <testcase name="addPet" time="13.275" classname="api.test.PetAPITest"/>
  <system-out/>
  <testcase name="uploadPetImage" time="10.595" classname="api.test.PetAPITest"/>
  <system-out/>
  <testcase name="getPetDetails" time="2.180" classname="api.test.PetAPITest"/>
  <system-out/>
</testsuite> <!-- api.test.PetAPITest -->
